<?xml version="1.0" encoding="UTF-8"?>
<!-- Generated by org.testng.reporters.JUnitReportReporter -->
<testsuite hostname="DESKTOP-362CTOA" failures="0" tests="2" name="tcsinterviewquestions.ParameterisedTesting" time="56.584" errors="0" timestamp="2026-05-12T19:01:36 IST" skipped="0">
  <testcase classname="tcsinterviewquestions.ParameterisedTesting" name="loginTest" time="21.267"/>
  <testcase classname="tcsinterviewquestions.ParameterisedTesting" name="loginTest" time="35.317"/>
</testsuite> <!-- tcsinterviewquestions.ParameterisedTesting -->
