<?xml version="1.0" encoding="UTF-8"?>
<testng-results ignored="0" total="2" passed="2" failed="0" skipped="0">
  <reporter-output>
  </reporter-output>
  <suite started-at="2026-05-12T19:00:39 IST" name="Default suite" finished-at="2026-05-12T19:01:35 IST" duration-ms="56659">
    <groups>
    </groups>
    <test started-at="2026-05-12T19:00:39 IST" name="Default test" finished-at="2026-05-12T19:01:35 IST" duration-ms="56659">
      <class name="tcsinterviewquestions.ParameterisedTesting">
        <test-method signature="loginTest(java.lang.String,java.lang.String)[pri:0, instance:tcsinterviewquestions.ParameterisedTesting@1caa0244]" started-at="2026-05-12T19:00:39 IST" name="loginTest" data-provider="loginData" finished-at="2026-05-12T19:01:14 IST" duration-ms="35317" status="PASS">
          <params>
            <param index="0">
              <value>
                <![CDATA[standard_user]]>
              </value>
            </param>
            <param index="1">
              <value>
                <![CDATA[secret_sauce]]>
              </value>
            </param>
          </params>
          <reporter-output>
          </reporter-output>
        </test-method> <!-- loginTest -->
        <test-method signature="loginTest(java.lang.String,java.lang.String)[pri:0, instance:tcsinterviewquestions.ParameterisedTesting@1caa0244]" started-at="2026-05-12T19:01:14 IST" name="loginTest" data-provider="loginData" finished-at="2026-05-12T19:01:35 IST" duration-ms="21267" status="PASS">
          <params>
            <param index="0">
              <value>
                <![CDATA[locked_out_user]]>
              </value>
            </param>
            <param index="1">
              <value>
                <![CDATA[secret_sauce]]>
              </value>
            </param>
          </params>
          <reporter-output>
          </reporter-output>
        </test-method> <!-- loginTest -->
      </class> <!-- tcsinterviewquestions.ParameterisedTesting -->
    </test> <!-- Default test -->
  </suite> <!-- Default suite -->
</testng-results>
